<?xml version="1.0" encoding="UTF-8"?>
<!-- Generated by org.testng.reporters.JUnitReportReporter -->
<testsuite ignored="0" hostname="SC-201803151332" failures="0" tests="1" name="com.selenium.testCase.LoginTest" time="9.411" errors="0" timestamp="19 2æœˆ 2019 06:49:57 GMT" skipped="0">
  <testcase classname="com.selenium.testCase.LoginTest" name="login" time="9.411"/>
</testsuite> <!-- com.selenium.testCase.LoginTest -->
