<?xml version="1.0" encoding="UTF-8"?>
<!-- Generated by org.testng.reporters.JUnitReportReporter -->
<testsuite ignored="0" hostname="SC-201803151332" failures="0" tests="1" name="com.selenium.testCase.AddAttendanceGroupTest" time="11.368" errors="0" timestamp="26 2æœˆ 2019 08:04:20 GMT" skipped="0">
  <testcase classname="com.selenium.testCase.AddAttendanceGroupTest" name="addBanci" time="11.368"/>
</testsuite> <!-- com.selenium.testCase.AddAttendanceGroupTest -->
